ERROR - 2022-12-04 15:09:49 --> Error connecting to the database: mysqli_sql_exception: No connection could be made because the target machine actively refused it.
 in E:\xampp\htdocs\anamul\Codignator\ci4project1\vendor\codeigniter4\framework\system\Database\MySQLi\Connection.php:171
Stack trace:
#0 E:\xampp\htdocs\anamul\Codignator\ci4project1\vendor\codeigniter4\framework\system\Database\MySQLi\Connection.php(171): mysqli->real_connect('localhost', 'root', '', 'ci4project1', 3306, '', 0)
#1 E:\xampp\htdocs\anamul\Codignator\ci4project1\vendor\codeigniter4\framework\system\Database\BaseConnection.php(382): CodeIgniter\Database\MySQLi\Connection->connect(false)
#2 E:\xampp\htdocs\anamul\Codignator\ci4project1\vendor\codeigniter4\framework\system\Database\BaseConnection.php(561): CodeIgniter\Database\BaseConnection->initialize()
#3 E:\xampp\htdocs\anamul\Codignator\ci4project1\vendor\codeigniter4\framework\system\Database\BaseBuilder.php(1585): CodeIgniter\Database\BaseConnection->query('SELECT *\nFROM `...', Array, false)
#4 E:\xampp\htdocs\anamul\Codignator\ci4project1\vendor\codeigniter4\framework\system\Model.php(223): CodeIgniter\Database\BaseBuilder->get()
#5 E:\xampp\htdocs\anamul\Codignator\ci4project1\vendor\codeigniter4\framework\system\BaseModel.php(585): CodeIgniter\Model->doFindAll(0, 0)
#6 E:\xampp\htdocs\anamul\Codignator\ci4project1\app\Controllers\UserCrud.php(14): CodeIgniter\BaseModel->findAll()
#7 E:\xampp\htdocs\anamul\Codignator\ci4project1\vendor\codeigniter4\framework\system\CodeIgniter.php(927): App\Controllers\UserCrud->index()
#8 E:\xampp\htdocs\anamul\Codignator\ci4project1\vendor\codeigniter4\framework\system\CodeIgniter.php(482): CodeIgniter\CodeIgniter->runController(Object(App\Controllers\UserCrud))
#9 E:\xampp\htdocs\anamul\Codignator\ci4project1\vendor\codeigniter4\framework\system\CodeIgniter.php(351): CodeIgniter\CodeIgniter->handleRequest(NULL, Object(Config\Cache), false)
#10 E:\xampp\htdocs\anamul\Codignator\ci4project1\public\index.php(67): CodeIgniter\CodeIgniter->run()
#11 E:\xampp\htdocs\anamul\Codignator\ci4project1\vendor\codeigniter4\framework\system\Commands\Server\rewrite.php(46): require_once('E:\\xampp\\htdocs...')
#12 {main}

Next CodeIgniter\Database\Exceptions\DatabaseException: No connection could be made because the target machine actively refused it.
 in E:\xampp\htdocs\anamul\Codignator\ci4project1\vendor\codeigniter4\framework\system\Database\MySQLi\Connection.php:215
Stack trace:
#0 E:\xampp\htdocs\anamul\Codignator\ci4project1\vendor\codeigniter4\framework\system\Database\BaseConnection.php(382): CodeIgniter\Database\MySQLi\Connection->connect(false)
#1 E:\xampp\htdocs\anamul\Codignator\ci4project1\vendor\codeigniter4\framework\system\Database\BaseConnection.php(561): CodeIgniter\Database\BaseConnection->initialize()
#2 E:\xampp\htdocs\anamul\Codignator\ci4project1\vendor\codeigniter4\framework\system\Database\BaseBuilder.php(1585): CodeIgniter\Database\BaseConnection->query('SELECT *\nFROM `...', Array, false)
#3 E:\xampp\htdocs\anamul\Codignator\ci4project1\vendor\codeigniter4\framework\system\Model.php(223): CodeIgniter\Database\BaseBuilder->get()
#4 E:\xampp\htdocs\anamul\Codignator\ci4project1\vendor\codeigniter4\framework\system\BaseModel.php(585): CodeIgniter\Model->doFindAll(0, 0)
#5 E:\xampp\htdocs\anamul\Codignator\ci4project1\app\Controllers\UserCrud.php(14): CodeIgniter\BaseModel->findAll()
#6 E:\xampp\htdocs\anamul\Codignator\ci4project1\vendor\codeigniter4\framework\system\CodeIgniter.php(927): App\Controllers\UserCrud->index()
#7 E:\xampp\htdocs\anamul\Codignator\ci4project1\vendor\codeigniter4\framework\system\CodeIgniter.php(482): CodeIgniter\CodeIgniter->runController(Object(App\Controllers\UserCrud))
#8 E:\xampp\htdocs\anamul\Codignator\ci4project1\vendor\codeigniter4\framework\system\CodeIgniter.php(351): CodeIgniter\CodeIgniter->handleRequest(NULL, Object(Config\Cache), false)
#9 E:\xampp\htdocs\anamul\Codignator\ci4project1\public\index.php(67): CodeIgniter\CodeIgniter->run()
#10 E:\xampp\htdocs\anamul\Codignator\ci4project1\vendor\codeigniter4\framework\system\Commands\Server\rewrite.php(46): require_once('E:\\xampp\\htdocs...')
#11 {main}
CRITICAL - 2022-12-04 15:09:49 --> Unable to connect to the database.
Main connection [MySQLi]: No connection could be made because the target machine actively refused it.

in SYSTEMPATH\Database\BaseConnection.php on line 418.
 1 SYSTEMPATH\Database\BaseConnection.php(561): CodeIgniter\Database\BaseConnection->initialize()
 2 SYSTEMPATH\Database\BaseBuilder.php(1585): CodeIgniter\Database\BaseConnection->query('SELECT *
FROM `users`
ORDER BY `id` DESC', [], false)
 3 SYSTEMPATH\Model.php(223): CodeIgniter\Database\BaseBuilder->get()
 4 SYSTEMPATH\BaseModel.php(585): CodeIgniter\Model->doFindAll(0, 0)
 5 APPPATH\Controllers\UserCrud.php(14): CodeIgniter\BaseModel->findAll()
 6 SYSTEMPATH\CodeIgniter.php(927): App\Controllers\UserCrud->index()
 7 SYSTEMPATH\CodeIgniter.php(482): CodeIgniter\CodeIgniter->runController(Object(App\Controllers\UserCrud))
 8 SYSTEMPATH\CodeIgniter.php(351): CodeIgniter\CodeIgniter->handleRequest(null, Object(Config\Cache), false)
 9 FCPATH\index.php(67): CodeIgniter\CodeIgniter->run()
10 SYSTEMPATH\Commands\Server\rewrite.php(46): require_once('FCPATH\\index.php')
ERROR - 2022-12-04 15:10:17 --> Error connecting to the database: mysqli_sql_exception: No connection could be made because the target machine actively refused it.
 in E:\xampp\htdocs\anamul\Codignator\ci4project1\vendor\codeigniter4\framework\system\Database\MySQLi\Connection.php:171
Stack trace:
#0 E:\xampp\htdocs\anamul\Codignator\ci4project1\vendor\codeigniter4\framework\system\Database\MySQLi\Connection.php(171): mysqli->real_connect('localhost', 'root', '', 'ci4project1', 3306, '', 0)
#1 E:\xampp\htdocs\anamul\Codignator\ci4project1\vendor\codeigniter4\framework\system\Database\BaseConnection.php(382): CodeIgniter\Database\MySQLi\Connection->connect(false)
#2 E:\xampp\htdocs\anamul\Codignator\ci4project1\vendor\codeigniter4\framework\system\Database\BaseConnection.php(561): CodeIgniter\Database\BaseConnection->initialize()
#3 E:\xampp\htdocs\anamul\Codignator\ci4project1\vendor\codeigniter4\framework\system\Database\BaseBuilder.php(1585): CodeIgniter\Database\BaseConnection->query('SELECT *\nFROM `...', Array, false)
#4 E:\xampp\htdocs\anamul\Codignator\ci4project1\vendor\codeigniter4\framework\system\Model.php(223): CodeIgniter\Database\BaseBuilder->get()
#5 E:\xampp\htdocs\anamul\Codignator\ci4project1\vendor\codeigniter4\framework\system\BaseModel.php(585): CodeIgniter\Model->doFindAll(0, 0)
#6 E:\xampp\htdocs\anamul\Codignator\ci4project1\app\Controllers\UserCrud.php(14): CodeIgniter\BaseModel->findAll()
#7 E:\xampp\htdocs\anamul\Codignator\ci4project1\vendor\codeigniter4\framework\system\CodeIgniter.php(927): App\Controllers\UserCrud->index()
#8 E:\xampp\htdocs\anamul\Codignator\ci4project1\vendor\codeigniter4\framework\system\CodeIgniter.php(482): CodeIgniter\CodeIgniter->runController(Object(App\Controllers\UserCrud))
#9 E:\xampp\htdocs\anamul\Codignator\ci4project1\vendor\codeigniter4\framework\system\CodeIgniter.php(351): CodeIgniter\CodeIgniter->handleRequest(NULL, Object(Config\Cache), false)
#10 E:\xampp\htdocs\anamul\Codignator\ci4project1\public\index.php(67): CodeIgniter\CodeIgniter->run()
#11 E:\xampp\htdocs\anamul\Codignator\ci4project1\vendor\codeigniter4\framework\system\Commands\Server\rewrite.php(46): require_once('E:\\xampp\\htdocs...')
#12 {main}

Next CodeIgniter\Database\Exceptions\DatabaseException: No connection could be made because the target machine actively refused it.
 in E:\xampp\htdocs\anamul\Codignator\ci4project1\vendor\codeigniter4\framework\system\Database\MySQLi\Connection.php:215
Stack trace:
#0 E:\xampp\htdocs\anamul\Codignator\ci4project1\vendor\codeigniter4\framework\system\Database\BaseConnection.php(382): CodeIgniter\Database\MySQLi\Connection->connect(false)
#1 E:\xampp\htdocs\anamul\Codignator\ci4project1\vendor\codeigniter4\framework\system\Database\BaseConnection.php(561): CodeIgniter\Database\BaseConnection->initialize()
#2 E:\xampp\htdocs\anamul\Codignator\ci4project1\vendor\codeigniter4\framework\system\Database\BaseBuilder.php(1585): CodeIgniter\Database\BaseConnection->query('SELECT *\nFROM `...', Array, false)
#3 E:\xampp\htdocs\anamul\Codignator\ci4project1\vendor\codeigniter4\framework\system\Model.php(223): CodeIgniter\Database\BaseBuilder->get()
#4 E:\xampp\htdocs\anamul\Codignator\ci4project1\vendor\codeigniter4\framework\system\BaseModel.php(585): CodeIgniter\Model->doFindAll(0, 0)
#5 E:\xampp\htdocs\anamul\Codignator\ci4project1\app\Controllers\UserCrud.php(14): CodeIgniter\BaseModel->findAll()
#6 E:\xampp\htdocs\anamul\Codignator\ci4project1\vendor\codeigniter4\framework\system\CodeIgniter.php(927): App\Controllers\UserCrud->index()
#7 E:\xampp\htdocs\anamul\Codignator\ci4project1\vendor\codeigniter4\framework\system\CodeIgniter.php(482): CodeIgniter\CodeIgniter->runController(Object(App\Controllers\UserCrud))
#8 E:\xampp\htdocs\anamul\Codignator\ci4project1\vendor\codeigniter4\framework\system\CodeIgniter.php(351): CodeIgniter\CodeIgniter->handleRequest(NULL, Object(Config\Cache), false)
#9 E:\xampp\htdocs\anamul\Codignator\ci4project1\public\index.php(67): CodeIgniter\CodeIgniter->run()
#10 E:\xampp\htdocs\anamul\Codignator\ci4project1\vendor\codeigniter4\framework\system\Commands\Server\rewrite.php(46): require_once('E:\\xampp\\htdocs...')
#11 {main}
CRITICAL - 2022-12-04 15:10:17 --> Unable to connect to the database.
Main connection [MySQLi]: No connection could be made because the target machine actively refused it.

in SYSTEMPATH\Database\BaseConnection.php on line 418.
 1 SYSTEMPATH\Database\BaseConnection.php(561): CodeIgniter\Database\BaseConnection->initialize()
 2 SYSTEMPATH\Database\BaseBuilder.php(1585): CodeIgniter\Database\BaseConnection->query('SELECT *
FROM `users`
ORDER BY `id` DESC', [], false)
 3 SYSTEMPATH\Model.php(223): CodeIgniter\Database\BaseBuilder->get()
 4 SYSTEMPATH\BaseModel.php(585): CodeIgniter\Model->doFindAll(0, 0)
 5 APPPATH\Controllers\UserCrud.php(14): CodeIgniter\BaseModel->findAll()
 6 SYSTEMPATH\CodeIgniter.php(927): App\Controllers\UserCrud->index()
 7 SYSTEMPATH\CodeIgniter.php(482): CodeIgniter\CodeIgniter->runController(Object(App\Controllers\UserCrud))
 8 SYSTEMPATH\CodeIgniter.php(351): CodeIgniter\CodeIgniter->handleRequest(null, Object(Config\Cache), false)
 9 FCPATH\index.php(67): CodeIgniter\CodeIgniter->run()
10 SYSTEMPATH\Commands\Server\rewrite.php(46): require_once('FCPATH\\index.php')
CRITICAL - 2022-12-04 15:28:10 --> Undefined variable: Router
in APPPATH\Config\Routes.php on line 42.
 1 APPPATH\Config\Routes.php(42): CodeIgniter\Debug\Exceptions->errorHandler(8, 'Undefined variable: Router', 'APPPATH\\Config\\Routes.php', 42, [...])
 2 SYSTEMPATH\CodeIgniter.php(789): require('APPPATH\\Config\\Routes.php')
 3 SYSTEMPATH\CodeIgniter.php(430): CodeIgniter\CodeIgniter->tryToRouteIt(Object(CodeIgniter\Router\RouteCollection))
 4 SYSTEMPATH\CodeIgniter.php(351): CodeIgniter\CodeIgniter->handleRequest(null, Object(Config\Cache), false)
 5 FCPATH\index.php(67): CodeIgniter\CodeIgniter->run()
 6 SYSTEMPATH\Commands\Server\rewrite.php(46): require_once('FCPATH\\index.php')
CRITICAL - 2022-12-04 15:28:13 --> Undefined variable: Router
in APPPATH\Config\Routes.php on line 42.
 1 APPPATH\Config\Routes.php(42): CodeIgniter\Debug\Exceptions->errorHandler(8, 'Undefined variable: Router', 'APPPATH\\Config\\Routes.php', 42, [...])
 2 SYSTEMPATH\CodeIgniter.php(789): require('APPPATH\\Config\\Routes.php')
 3 SYSTEMPATH\CodeIgniter.php(430): CodeIgniter\CodeIgniter->tryToRouteIt(Object(CodeIgniter\Router\RouteCollection))
 4 SYSTEMPATH\CodeIgniter.php(351): CodeIgniter\CodeIgniter->handleRequest(null, Object(Config\Cache), false)
 5 FCPATH\index.php(67): CodeIgniter\CodeIgniter->run()
 6 SYSTEMPATH\Commands\Server\rewrite.php(46): require_once('FCPATH\\index.php')
CRITICAL - 2022-12-04 15:28:16 --> Undefined variable: Router
in APPPATH\Config\Routes.php on line 42.
 1 APPPATH\Config\Routes.php(42): CodeIgniter\Debug\Exceptions->errorHandler(8, 'Undefined variable: Router', 'APPPATH\\Config\\Routes.php', 42, [...])
 2 SYSTEMPATH\CodeIgniter.php(789): require('APPPATH\\Config\\Routes.php')
 3 SYSTEMPATH\CodeIgniter.php(430): CodeIgniter\CodeIgniter->tryToRouteIt(Object(CodeIgniter\Router\RouteCollection))
 4 SYSTEMPATH\CodeIgniter.php(351): CodeIgniter\CodeIgniter->handleRequest(null, Object(Config\Cache), false)
 5 FCPATH\index.php(67): CodeIgniter\CodeIgniter->run()
 6 SYSTEMPATH\Commands\Server\rewrite.php(46): require_once('FCPATH\\index.php')
CRITICAL - 2022-12-04 15:28:24 --> Undefined variable: Router
in APPPATH\Config\Routes.php on line 42.
 1 APPPATH\Config\Routes.php(42): CodeIgniter\Debug\Exceptions->errorHandler(8, 'Undefined variable: Router', 'APPPATH\\Config\\Routes.php', 42, [...])
 2 SYSTEMPATH\CodeIgniter.php(789): require('APPPATH\\Config\\Routes.php')
 3 SYSTEMPATH\CodeIgniter.php(430): CodeIgniter\CodeIgniter->tryToRouteIt(Object(CodeIgniter\Router\RouteCollection))
 4 SYSTEMPATH\CodeIgniter.php(351): CodeIgniter\CodeIgniter->handleRequest(null, Object(Config\Cache), false)
 5 FCPATH\index.php(67): CodeIgniter\CodeIgniter->run()
 6 SYSTEMPATH\Commands\Server\rewrite.php(46): require_once('FCPATH\\index.php')
CRITICAL - 2022-12-04 15:28:27 --> Undefined variable: Router
in APPPATH\Config\Routes.php on line 42.
 1 APPPATH\Config\Routes.php(42): CodeIgniter\Debug\Exceptions->errorHandler(8, 'Undefined variable: Router', 'APPPATH\\Config\\Routes.php', 42, [...])
 2 SYSTEMPATH\CodeIgniter.php(789): require('APPPATH\\Config\\Routes.php')
 3 SYSTEMPATH\CodeIgniter.php(430): CodeIgniter\CodeIgniter->tryToRouteIt(Object(CodeIgniter\Router\RouteCollection))
 4 SYSTEMPATH\CodeIgniter.php(351): CodeIgniter\CodeIgniter->handleRequest(null, Object(Config\Cache), false)
 5 FCPATH\index.php(67): CodeIgniter\CodeIgniter->run()
 6 SYSTEMPATH\Commands\Server\rewrite.php(46): require_once('FCPATH\\index.php')
CRITICAL - 2022-12-04 15:29:48 --> Undefined variable: Router
in APPPATH\Config\Routes.php on line 42.
 1 APPPATH\Config\Routes.php(42): CodeIgniter\Debug\Exceptions->errorHandler(8, 'Undefined variable: Router', 'APPPATH\\Config\\Routes.php', 42, [...])
 2 SYSTEMPATH\CodeIgniter.php(789): require('APPPATH\\Config\\Routes.php')
 3 SYSTEMPATH\CodeIgniter.php(430): CodeIgniter\CodeIgniter->tryToRouteIt(Object(CodeIgniter\Router\RouteCollection))
 4 SYSTEMPATH\CodeIgniter.php(351): CodeIgniter\CodeIgniter->handleRequest(null, Object(Config\Cache), false)
 5 FCPATH\index.php(67): CodeIgniter\CodeIgniter->run()
 6 SYSTEMPATH\Commands\Server\rewrite.php(46): require_once('FCPATH\\index.php')
CRITICAL - 2022-12-04 15:30:29 --> Undefined variable: Router
in APPPATH\Config\Routes.php on line 42.
 1 APPPATH\Config\Routes.php(42): CodeIgniter\Debug\Exceptions->errorHandler(8, 'Undefined variable: Router', 'APPPATH\\Config\\Routes.php', 42, [...])
 2 SYSTEMPATH\CodeIgniter.php(789): require('APPPATH\\Config\\Routes.php')
 3 SYSTEMPATH\CodeIgniter.php(430): CodeIgniter\CodeIgniter->tryToRouteIt(Object(CodeIgniter\Router\RouteCollection))
 4 SYSTEMPATH\CodeIgniter.php(351): CodeIgniter\CodeIgniter->handleRequest(null, Object(Config\Cache), false)
 5 FCPATH\index.php(67): CodeIgniter\CodeIgniter->run()
 6 SYSTEMPATH\Commands\Server\rewrite.php(46): require_once('FCPATH\\index.php')
CRITICAL - 2022-12-04 15:31:09 --> Undefined variable: Router
in APPPATH\Config\Routes.php on line 42.
 1 APPPATH\Config\Routes.php(42): CodeIgniter\Debug\Exceptions->errorHandler(8, 'Undefined variable: Router', 'APPPATH\\Config\\Routes.php', 42, [...])
 2 SYSTEMPATH\CodeIgniter.php(789): require('APPPATH\\Config\\Routes.php')
 3 SYSTEMPATH\CodeIgniter.php(430): CodeIgniter\CodeIgniter->tryToRouteIt(Object(CodeIgniter\Router\RouteCollection))
 4 SYSTEMPATH\CodeIgniter.php(351): CodeIgniter\CodeIgniter->handleRequest(null, Object(Config\Cache), false)
 5 FCPATH\index.php(67): CodeIgniter\CodeIgniter->run()
 6 SYSTEMPATH\Commands\Server\rewrite.php(46): require_once('FCPATH\\index.php')
CRITICAL - 2022-12-04 15:33:04 --> Undefined variable: Router
in APPPATH\Config\Routes.php on line 42.
 1 APPPATH\Config\Routes.php(42): CodeIgniter\Debug\Exceptions->errorHandler(8, 'Undefined variable: Router', 'APPPATH\\Config\\Routes.php', 42, [...])
 2 SYSTEMPATH\CodeIgniter.php(789): require('APPPATH\\Config\\Routes.php')
 3 SYSTEMPATH\CodeIgniter.php(430): CodeIgniter\CodeIgniter->tryToRouteIt(Object(CodeIgniter\Router\RouteCollection))
 4 SYSTEMPATH\CodeIgniter.php(351): CodeIgniter\CodeIgniter->handleRequest(null, Object(Config\Cache), false)
 5 FCPATH\index.php(67): CodeIgniter\CodeIgniter->run()
 6 SYSTEMPATH\Commands\Server\rewrite.php(46): require_once('FCPATH\\index.php')
CRITICAL - 2022-12-04 15:33:09 --> Undefined variable: Router
in APPPATH\Config\Routes.php on line 42.
 1 APPPATH\Config\Routes.php(42): CodeIgniter\Debug\Exceptions->errorHandler(8, 'Undefined variable: Router', 'APPPATH\\Config\\Routes.php', 42, [...])
 2 SYSTEMPATH\CodeIgniter.php(789): require('APPPATH\\Config\\Routes.php')
 3 SYSTEMPATH\CodeIgniter.php(430): CodeIgniter\CodeIgniter->tryToRouteIt(Object(CodeIgniter\Router\RouteCollection))
 4 SYSTEMPATH\CodeIgniter.php(351): CodeIgniter\CodeIgniter->handleRequest(null, Object(Config\Cache), false)
 5 FCPATH\index.php(67): CodeIgniter\CodeIgniter->run()
 6 SYSTEMPATH\Commands\Server\rewrite.php(46): require_once('FCPATH\\index.php')
CRITICAL - 2022-12-04 15:33:32 --> Undefined variable: router
in APPPATH\Config\Routes.php on line 42.
 1 APPPATH\Config\Routes.php(42): CodeIgniter\Debug\Exceptions->errorHandler(8, 'Undefined variable: router', 'APPPATH\\Config\\Routes.php', 42, [...])
 2 SYSTEMPATH\CodeIgniter.php(789): require('APPPATH\\Config\\Routes.php')
 3 SYSTEMPATH\CodeIgniter.php(430): CodeIgniter\CodeIgniter->tryToRouteIt(Object(CodeIgniter\Router\RouteCollection))
 4 SYSTEMPATH\CodeIgniter.php(351): CodeIgniter\CodeIgniter->handleRequest(null, Object(Config\Cache), false)
 5 FCPATH\index.php(67): CodeIgniter\CodeIgniter->run()
 6 SYSTEMPATH\Commands\Server\rewrite.php(46): require_once('FCPATH\\index.php')
CRITICAL - 2022-12-04 15:33:36 --> Undefined variable: router
in APPPATH\Config\Routes.php on line 42.
 1 APPPATH\Config\Routes.php(42): CodeIgniter\Debug\Exceptions->errorHandler(8, 'Undefined variable: router', 'APPPATH\\Config\\Routes.php', 42, [...])
 2 SYSTEMPATH\CodeIgniter.php(789): require('APPPATH\\Config\\Routes.php')
 3 SYSTEMPATH\CodeIgniter.php(430): CodeIgniter\CodeIgniter->tryToRouteIt(Object(CodeIgniter\Router\RouteCollection))
 4 SYSTEMPATH\CodeIgniter.php(351): CodeIgniter\CodeIgniter->handleRequest(null, Object(Config\Cache), false)
 5 FCPATH\index.php(67): CodeIgniter\CodeIgniter->run()
 6 SYSTEMPATH\Commands\Server\rewrite.php(46): require_once('FCPATH\\index.php')
CRITICAL - 2022-12-04 15:33:38 --> Undefined variable: router
in APPPATH\Config\Routes.php on line 42.
 1 APPPATH\Config\Routes.php(42): CodeIgniter\Debug\Exceptions->errorHandler(8, 'Undefined variable: router', 'APPPATH\\Config\\Routes.php', 42, [...])
 2 SYSTEMPATH\CodeIgniter.php(789): require('APPPATH\\Config\\Routes.php')
 3 SYSTEMPATH\CodeIgniter.php(430): CodeIgniter\CodeIgniter->tryToRouteIt(Object(CodeIgniter\Router\RouteCollection))
 4 SYSTEMPATH\CodeIgniter.php(351): CodeIgniter\CodeIgniter->handleRequest(null, Object(Config\Cache), false)
 5 FCPATH\index.php(67): CodeIgniter\CodeIgniter->run()
 6 SYSTEMPATH\Commands\Server\rewrite.php(46): require_once('FCPATH\\index.php')
CRITICAL - 2022-12-04 17:41:36 --> Too few arguments to function App\Controllers\UserCrud::delete(), 0 passed in E:\xampp\htdocs\anamul\Codignator\ci4project1\vendor\codeigniter4\framework\system\CodeIgniter.php on line 927 and exactly 1 expected
in APPPATH\Controllers\UserCrud.php on line 34.
 1 SYSTEMPATH\CodeIgniter.php(927): App\Controllers\UserCrud->delete()
 2 SYSTEMPATH\CodeIgniter.php(482): CodeIgniter\CodeIgniter->runController(Object(App\Controllers\UserCrud))
 3 SYSTEMPATH\CodeIgniter.php(351): CodeIgniter\CodeIgniter->handleRequest(null, Object(Config\Cache), false)
 4 FCPATH\index.php(67): CodeIgniter\CodeIgniter->run()
 5 SYSTEMPATH\Commands\Server\rewrite.php(46): require_once('FCPATH\\index.php')
CRITICAL - 2022-12-04 18:20:15 --> Undefined index: u_id
in APPPATH\Views\user_edit.php on line 29.
 1 APPPATH\Views\user_edit.php(29): CodeIgniter\Debug\Exceptions->errorHandler(8, 'Undefined index: u_id', 'APPPATH\\Views\\user_edit.php', 29, [...])
 2 SYSTEMPATH\View\View.php(213): include('APPPATH\\Views\\user_edit.php')
 3 SYSTEMPATH\View\View.php(216): CodeIgniter\View\View->CodeIgniter\View\{closure}()
 4 SYSTEMPATH\Common.php(1134): CodeIgniter\View\View->render('user_edit', [], true)
 5 APPPATH\Controllers\UserCrud.php(46): view('user_edit', [...])
 6 SYSTEMPATH\CodeIgniter.php(927): App\Controllers\UserCrud->edit('7')
 7 SYSTEMPATH\CodeIgniter.php(482): CodeIgniter\CodeIgniter->runController(Object(App\Controllers\UserCrud))
 8 SYSTEMPATH\CodeIgniter.php(351): CodeIgniter\CodeIgniter->handleRequest(null, Object(Config\Cache), false)
 9 FCPATH\index.php(67): CodeIgniter\CodeIgniter->run()
10 SYSTEMPATH\Commands\Server\rewrite.php(46): require_once('FCPATH\\index.php')
CRITICAL - 2022-12-04 18:20:18 --> Undefined index: u_id
in APPPATH\Views\user_edit.php on line 29.
 1 APPPATH\Views\user_edit.php(29): CodeIgniter\Debug\Exceptions->errorHandler(8, 'Undefined index: u_id', 'APPPATH\\Views\\user_edit.php', 29, [...])
 2 SYSTEMPATH\View\View.php(213): include('APPPATH\\Views\\user_edit.php')
 3 SYSTEMPATH\View\View.php(216): CodeIgniter\View\View->CodeIgniter\View\{closure}()
 4 SYSTEMPATH\Common.php(1134): CodeIgniter\View\View->render('user_edit', [], true)
 5 APPPATH\Controllers\UserCrud.php(46): view('user_edit', [...])
 6 SYSTEMPATH\CodeIgniter.php(927): App\Controllers\UserCrud->edit('7')
 7 SYSTEMPATH\CodeIgniter.php(482): CodeIgniter\CodeIgniter->runController(Object(App\Controllers\UserCrud))
 8 SYSTEMPATH\CodeIgniter.php(351): CodeIgniter\CodeIgniter->handleRequest(null, Object(Config\Cache), false)
 9 FCPATH\index.php(67): CodeIgniter\CodeIgniter->run()
10 SYSTEMPATH\Commands\Server\rewrite.php(46): require_once('FCPATH\\index.php')
CRITICAL - 2022-12-04 18:21:11 --> Undefined index: u_id
in APPPATH\Views\user_edit.php on line 29.
 1 APPPATH\Views\user_edit.php(29): CodeIgniter\Debug\Exceptions->errorHandler(8, 'Undefined index: u_id', 'APPPATH\\Views\\user_edit.php', 29, [...])
 2 SYSTEMPATH\View\View.php(213): include('APPPATH\\Views\\user_edit.php')
 3 SYSTEMPATH\View\View.php(216): CodeIgniter\View\View->CodeIgniter\View\{closure}()
 4 SYSTEMPATH\Common.php(1134): CodeIgniter\View\View->render('user_edit', [], true)
 5 APPPATH\Controllers\UserCrud.php(46): view('user_edit', [...])
 6 SYSTEMPATH\CodeIgniter.php(927): App\Controllers\UserCrud->edit('7')
 7 SYSTEMPATH\CodeIgniter.php(482): CodeIgniter\CodeIgniter->runController(Object(App\Controllers\UserCrud))
 8 SYSTEMPATH\CodeIgniter.php(351): CodeIgniter\CodeIgniter->handleRequest(null, Object(Config\Cache), false)
 9 FCPATH\index.php(67): CodeIgniter\CodeIgniter->run()
10 SYSTEMPATH\Commands\Server\rewrite.php(46): require_once('FCPATH\\index.php')
CRITICAL - 2022-12-04 18:21:15 --> Undefined index: u_id
in APPPATH\Views\user_edit.php on line 29.
 1 APPPATH\Views\user_edit.php(29): CodeIgniter\Debug\Exceptions->errorHandler(8, 'Undefined index: u_id', 'APPPATH\\Views\\user_edit.php', 29, [...])
 2 SYSTEMPATH\View\View.php(213): include('APPPATH\\Views\\user_edit.php')
 3 SYSTEMPATH\View\View.php(216): CodeIgniter\View\View->CodeIgniter\View\{closure}()
 4 SYSTEMPATH\Common.php(1134): CodeIgniter\View\View->render('user_edit', [], true)
 5 APPPATH\Controllers\UserCrud.php(46): view('user_edit', [...])
 6 SYSTEMPATH\CodeIgniter.php(927): App\Controllers\UserCrud->edit('7')
 7 SYSTEMPATH\CodeIgniter.php(482): CodeIgniter\CodeIgniter->runController(Object(App\Controllers\UserCrud))
 8 SYSTEMPATH\CodeIgniter.php(351): CodeIgniter\CodeIgniter->handleRequest(null, Object(Config\Cache), false)
 9 FCPATH\index.php(67): CodeIgniter\CodeIgniter->run()
10 SYSTEMPATH\Commands\Server\rewrite.php(46): require_once('FCPATH\\index.php')
CRITICAL - 2022-12-04 18:21:23 --> Undefined index: u_id
in APPPATH\Views\user_edit.php on line 29.
 1 APPPATH\Views\user_edit.php(29): CodeIgniter\Debug\Exceptions->errorHandler(8, 'Undefined index: u_id', 'APPPATH\\Views\\user_edit.php', 29, [...])
 2 SYSTEMPATH\View\View.php(213): include('APPPATH\\Views\\user_edit.php')
 3 SYSTEMPATH\View\View.php(216): CodeIgniter\View\View->CodeIgniter\View\{closure}()
 4 SYSTEMPATH\Common.php(1134): CodeIgniter\View\View->render('user_edit', [], true)
 5 APPPATH\Controllers\UserCrud.php(46): view('user_edit', [...])
 6 SYSTEMPATH\CodeIgniter.php(927): App\Controllers\UserCrud->edit('6')
 7 SYSTEMPATH\CodeIgniter.php(482): CodeIgniter\CodeIgniter->runController(Object(App\Controllers\UserCrud))
 8 SYSTEMPATH\CodeIgniter.php(351): CodeIgniter\CodeIgniter->handleRequest(null, Object(Config\Cache), false)
 9 FCPATH\index.php(67): CodeIgniter\CodeIgniter->run()
10 SYSTEMPATH\Commands\Server\rewrite.php(46): require_once('FCPATH\\index.php')
CRITICAL - 2022-12-04 18:21:40 --> Undefined index: u_id
in APPPATH\Views\user_edit.php on line 29.
 1 APPPATH\Views\user_edit.php(29): CodeIgniter\Debug\Exceptions->errorHandler(8, 'Undefined index: u_id', 'APPPATH\\Views\\user_edit.php', 29, [...])
 2 SYSTEMPATH\View\View.php(213): include('APPPATH\\Views\\user_edit.php')
 3 SYSTEMPATH\View\View.php(216): CodeIgniter\View\View->CodeIgniter\View\{closure}()
 4 SYSTEMPATH\Common.php(1134): CodeIgniter\View\View->render('user_edit', [], true)
 5 APPPATH\Controllers\UserCrud.php(46): view('user_edit', [...])
 6 SYSTEMPATH\CodeIgniter.php(927): App\Controllers\UserCrud->edit('7')
 7 SYSTEMPATH\CodeIgniter.php(482): CodeIgniter\CodeIgniter->runController(Object(App\Controllers\UserCrud))
 8 SYSTEMPATH\CodeIgniter.php(351): CodeIgniter\CodeIgniter->handleRequest(null, Object(Config\Cache), false)
 9 FCPATH\index.php(67): CodeIgniter\CodeIgniter->run()
10 SYSTEMPATH\Commands\Server\rewrite.php(46): require_once('FCPATH\\index.php')
